<?xml version="1.0" encoding="UTF-8"?>
<testng-results ignored="0" total="1" passed="1" failed="0" skipped="0">
  <reporter-output>
  </reporter-output>
  <suite started-at="2025-06-05T12:15:59 IST" name="Default suite" finished-at="2025-06-05T12:16:01 IST" duration-ms="2040">
    <groups>
    </groups>
    <test started-at="2025-06-05T12:15:59 IST" name="Default test" finished-at="2025-06-05T12:16:01 IST" duration-ms="2040">
      <class name="demo.oneTestcase">
        <test-method signature="m1()[pri:0, instance:demo.oneTestcase@3c7f66c4]" started-at="2025-06-05T12:15:59 IST" name="m1" finished-at="2025-06-05T12:16:01 IST" duration-ms="1984" status="PASS">
          <reporter-output>
          </reporter-output>
        </test-method> <!-- m1 -->
      </class> <!-- demo.oneTestcase -->
    </test> <!-- Default test -->
  </suite> <!-- Default suite -->
</testng-results>
